INFO: 2025/08/29 14:37:23 cmd_handlers.go:87: Событие: турнички добавлено
INFO: 2025/08/29 14:37:25 cmd_handlers.go:87: Событие: турнир добавлено
ERROR: 2025/08/29 14:37:28 cmd_handlers.go:116: запрещено путешествовать в прошлое
INFO: 2025/08/29 14:37:30 cmd_handlers.go:87: Событие: диван добавлено
INFO: 2025/08/29 14:37:33 cmd_handlers.go:87: Событие: страда добавлено
INFO: 2025/08/29 14:37:37 calendar.go:177: Канал Notification закрыт
INFO: 2025/08/29 14:39:19 cmd_handlers.go:87: Событие: test добавлено
INFO: 2025/08/29 14:39:33 cmd_handlers.go:87: Событие: test удалено
INFO: 2025/08/29 14:40:01 cmd_handlers.go:87: Событие: турнички обновлено на прогуляться - 2025-12-12
INFO: 2025/08/29 14:40:33 cmd_handlers.go:87: Напоминание: полежать добавлено 
напоминание через: 26.2046816s
INFO: 2025/08/29 14:40:58 cmd_handlers.go:87: Напоминание: страдать добавлено 
напоминание через: 2505h19m1.2047586s
INFO: 2025/08/29 14:41:23 cmd_handlers.go:87: таймер остановлен для напоминания: страдать
ERROR: 2025/08/29 14:41:30 cmd_handlers.go:94: название события не указано
INFO: 2025/08/29 14:41:42 cmd_handlers.go:87: Напоминание удалено 
таймер уже сработал или был остановлен: полежать
ERROR: 2025/08/29 14:41:52 cmd_handlers.go:229: Неизвестная команда:.
ERROR: 2025/08/29 14:41:55 cmd.go:49: EOF found after escape character
INFO: 2025/08/29 14:42:15 calendar.go:177: Канал Notification закрыт
